[20:48:29] [main/INFO]: Loading Minecraft 1.21 with Fabric Loader 0.16.3
[20:48:29] [ForkJoinPool-1-worker-2/WARN]: The mod "dungeons_arise" contains invalid entries in its mod json:
- Unsupported root entry "credits" at line 12 column 11
[20:48:29] [main/INFO]: Loading 54 mods:
	- chunky 1.4.16
	- dungeons_arise 2.1.60
	- fabric-api 0.102.0+1.21
	   |-- fabric-api-base 0.4.42+6573ed8cd1
	   |-- fabric-api-lookup-api-v1 1.6.68+b5597344d1
	   |-- fabric-biome-api-v1 13.0.29+5bd9f1bcd1
	   |-- fabric-block-api-v1 1.0.22+0af3f5a7d1
	   |-- fabric-block-view-api-v2 1.0.10+6573ed8cd1
	   |-- fabric-blockrenderlayer-v1 1.1.52+0af3f5a7d1
	   |-- fabric-client-tags-api-v1 1.1.15+6573ed8cd1
	   |-- fabric-command-api-v1 1.2.49+f71b366fd1
	   |-- fabric-command-api-v2 2.2.28+6ced4dd9d1
	   |-- fabric-commands-v0 0.2.66+df3654b3d1
	   |-- fabric-content-registries-v0 8.0.16+b5597344d1
	   |-- fabric-convention-tags-v1 2.0.19+7f945d5bd1
	   |-- fabric-convention-tags-v2 2.5.0+c5e2b5c6d1
	   |-- fabric-crash-report-info-v1 0.2.29+0af3f5a7d1
	   |-- fabric-data-attachment-api-v1 1.1.27+6a6dfa19d1
	   |-- fabric-data-generation-api-v1 20.2.16+16c4ae25d1
	   |-- fabric-dimensions-v1 4.0.0+6fc22b99d1
	   |-- fabric-entity-events-v1 1.6.12+6fc22b99d1
	   |-- fabric-events-interaction-v0 0.7.12+ba9dae06d1
	   |-- fabric-game-rule-api-v1 1.0.53+6ced4dd9d1
	   |-- fabric-item-api-v1 11.0.0+afdfc921d1
	   |-- fabric-item-group-api-v1 4.1.4+78017270d1
	   |-- fabric-key-binding-api-v1 1.0.47+0af3f5a7d1
	   |-- fabric-keybindings-v0 0.2.45+df3654b3d1
	   |-- fabric-lifecycle-events-v1 2.3.12+6c1df360d1
	   |-- fabric-loot-api-v2 3.0.14+3f89f5a5d1
	   |-- fabric-loot-api-v3 1.0.2+3f89f5a5d1
	   |-- fabric-message-api-v1 6.0.13+6573ed8cd1
	   |-- fabric-model-loading-api-v1 2.0.0+fe474d6bd1
	   |-- fabric-networking-api-v1 4.2.2+60c3209bd1
	   |-- fabric-object-builder-api-v1 15.2.0+a551f7a4d1
	   |-- fabric-particles-v1 4.0.2+6573ed8cd1
	   |-- fabric-recipe-api-v1 5.0.12+65089712d1
	   |-- fabric-registry-sync-v0 5.1.2+60c3209bd1
	   |-- fabric-renderer-api-v1 3.4.0+c705a49cd1
	   |-- fabric-renderer-indigo 1.7.0+c705a49cd1
	   |-- fabric-renderer-registries-v1 3.2.68+df3654b3d1
	   |-- fabric-rendering-data-attachment-v1 0.3.48+73761d2ed1
	   |-- fabric-rendering-fluids-v1 3.1.6+b5597344d1
	   |-- fabric-rendering-v0 1.1.71+df3654b3d1
	   |-- fabric-rendering-v1 5.0.5+df16efd0d1
	   |-- fabric-resource-conditions-api-v1 4.3.0+8dc279b1d1
	   |-- fabric-resource-loader-v0 1.3.0+56599129d1
	   |-- fabric-screen-api-v1 2.0.24+b5597344d1
	   |-- fabric-screen-handler-api-v1 1.3.86+b5597344d1
	   |-- fabric-sound-api-v1 1.0.23+6573ed8cd1
	   |-- fabric-transfer-api-v1 5.1.16+3dccd343d1
	   \-- fabric-transitive-access-wideners-v1 6.1.0+176f9036d1
	- fabricloader 0.16.3
	   \-- mixinextras 0.4.1
	- ferritecore 7.0.0
	- java 21
	- krypton 0.2.8
	   \-- com_velocitypowered_velocity-native 3.3.0-SNAPSHOT
	- lithium 0.13.1
	- minecraft 1.21
	- mr_dungeons_andtaverns 1-v4.4.4
	- servercore 1.5.4+1.21
	   |-- fabric-permissions-api-v0 0.3.1
	   |-- org_yaml_snakeyaml 2.2
	   |-- placeholder-api 2.4.0+1.21
	   |-- space_arim_dazzleconf_dazzleconf-core 1.3.0-M2
	   \-- space_arim_dazzleconf_dazzleconf-ext-snakeyaml 1.3.0-M2
[20:48:30] [main/INFO]: SpongePowered MIXIN Subsystem Version=0.8.7 Source=file:/workspaces/..../servidor_minecraft/libraries/net/fabricmc/sponge-mixin/0.15.2+mixin.0.8.7/sponge-mixin-0.15.2+mixin.0.8.7.jar Service=Knot/Fabric Env=SERVER
[20:48:30] [main/INFO]: Compatibility level set to JAVA_17
[20:48:30] [main/INFO]: Loaded configuration file for Lithium: 144 options available, 2 override(s) found
[20:48:30] [main/WARN]: Force-disabling mixin 'alloc.blockstate.StateMixin' as rule 'mixin.alloc.blockstate' (added by mods [ferritecore]) disables it and children
[20:48:30] [main/WARN]: Force-disabling mixin 'alloc.chunk_ticking.ServerChunkManagerMixin' as rule 'mixin.alloc.chunk_ticking' (added by mods [servercore]) disables it and children
[20:48:31] [main/INFO]: Initializing MixinExtras via com.llamalad7.mixinextras.service.MixinExtrasServiceImpl(version=0.4.1).
[20:48:38] [main/INFO]: Compression will use libdeflate (Linux x86_64), encryption will use OpenSSL 1.1.x (Linux x86_64)
[20:48:38] [main/INFO]: [ServerCore] Loaded V1.5.4+1.21!
[20:48:38] [main/INFO]: Krypton is now accelerating your Minecraft server's networking stack 🚀
[20:48:38] [main/INFO]: Environment: Environment[sessionHost=https://sessionserver.mojang.com, servicesHost=https://api.minecraftservices.com, name=PROD]
[20:48:38] [main/INFO]: Found new data pack mr_dungeons_andtaverns, loading it automatically
[20:48:39] [Worker-Main-3/ERROR]: Couldn't parse element minecraft:loot_table/dungeons_arise:chests/shiraz_palace/shiraz_palace_supply - Failed to parse either. First: Unknown registry key in ResourceKey[minecraft:root / minecraft:loot_function_type]: minecraft:set_nbt; Second: Not a json array: {"function":"minecraft:set_nbt","tag":"{Potion:\"minecraft:strong_healing\"}"}; Failed to parse either. First: Unknown registry key in ResourceKey[minecraft:root / minecraft:loot_function_type]: minecraft:set_nbt; Second: Not a json array: {"function":"minecraft:set_nbt","tag":"{Potion:\"minecraft:regeneration\"}"}; Failed to parse either. First: Unknown registry key in ResourceKey[minecraft:root / minecraft:loot_function_type]: minecraft:set_nbt; Second: Not a json array: {"function":"minecraft:set_nbt","tag":"{CustomPotionEffects:[{Id:2b,Amplifier:5b,Duration:1200}],CustomPotionColor:16770928}"}; Failed to parse either. First: Unknown registry key in ResourceKey[minecraft:root / minecraft:loot_function_type]: minecraft:set_nbt; Second: Not a json array: {"function":"minecraft:set_nbt","tag":"{CustomPotionEffects:[{Id:20b,Amplifier:5b,Duration:400}],CustomPotionColor:16770928}"}
[20:48:39] [Worker-Main-3/ERROR]: Couldn't parse element minecraft:loot_table/dungeons_arise:chests/heavenly_challenger/heavenly_challenger_supply - com.google.gson.stream.MalformedJsonException: Use JsonReader.setLenient(true) to accept malformed JSON at line 1 column 12 path $ missed input: {"minecraft:item_name":"Ascension Tonic"}
[20:48:39] [Worker-Main-3/ERROR]: Couldn't parse element minecraft:loot_table/dungeons_arise:chests/mines_treasure_big - Failed to parse either. First: Unknown registry key in ResourceKey[minecraft:root / minecraft:loot_function_type]: minecraft:set_nbt; Second: Not a json array: {"function":"minecraft:set_nbt","tag":"{Enchantments:[{id:\"minecraft:sharpness\",lvl:6s},{id:\"minecraft:looting\",lvl:3s}]}"}
[20:48:39] [Worker-Main-3/ERROR]: Couldn't parse element minecraft:loot_table/dungeons_arise:chests/mines_treasure_medium - Failed to parse either. First: Unknown registry key in ResourceKey[minecraft:root / minecraft:loot_function_type]: minecraft:set_nbt; Second: Not a json array: {"function":"minecraft:set_nbt","tag":"{Enchantments:[{id:\"minecraft:sharpness\",lvl:6s},{id:\"minecraft:looting\",lvl:3s}]}"}
[20:48:39] [Worker-Main-3/ERROR]: Couldn't parse element minecraft:loot_table/dungeons_arise:chests/illager_windmill/illager_windmill_barrels - com.google.gson.stream.MalformedJsonException: Use JsonReader.setLenient(true) to accept malformed JSON at line 1 column 10 path $ missed input: {"minecraft:item_name":"Illager Beer"}
[20:48:40] [main/INFO]: Loaded 1290 recipes
[20:48:40] [main/ERROR]: Couldn't load advancements: [minecraft:wander_add_map, minecraft:give_quest_trader_trade]
[20:48:40] [main/INFO]: Loaded 1433 advancements
[20:48:41] [main/INFO]: Applied 0 biome modifications to 0 of 64 new biomes in 1.441 ms
[20:48:41] [Server thread/INFO]: Starting minecraft server version 1.21
[20:48:41] [Server thread/INFO]: Loading properties
[20:48:41] [Server thread/INFO]: Default game type: SURVIVAL
[20:48:41] [Server thread/INFO]: Generating keypair
[20:48:41] [Server thread/INFO]: Starting Minecraft server on *:25565
[20:48:41] [Server thread/INFO]: Using epoll channel type
[20:48:41] [Server thread/INFO]: Preparing level "world"
[20:48:44] [Server thread/INFO]: Preparing start region for dimension minecraft:overworld
[20:48:48] [Worker-Main-3/INFO]: Preparing spawn area: 0%
[20:48:48] [Worker-Main-3/INFO]: Preparing spawn area: 0%
[20:48:48] [Worker-Main-3/INFO]: Preparing spawn area: 0%
[20:48:48] [Worker-Main-3/INFO]: Preparing spawn area: 0%
[20:48:48] [Worker-Main-3/INFO]: Preparing spawn area: 0%
[20:48:48] [Worker-Main-3/INFO]: Preparing spawn area: 0%
[20:48:48] [Worker-Main-3/INFO]: Preparing spawn area: 0%
[20:48:48] [Worker-Main-3/INFO]: Preparing spawn area: 0%
[20:48:48] [Server thread/INFO]: Time elapsed: 4025 ms
[20:48:48] [Server thread/INFO]: Done (6.699s)! For help, type "help"
[20:49:36] [User Authenticator #1/INFO]: UUID of player BloodyAX is 45d5e757-1cd5-4671-8966-7f877ed9bb4d
[20:49:40] [Server thread/INFO]: BloodyAX[/127.72.237.115:33963] logged in with entity id 16 at (1229.5518433212292, 104.76332174686154, -549.8849029817518)
[20:49:40] [Server thread/INFO]: BloodyAX joined the game
[20:52:38] [Server thread/INFO]: Locating element minecraft:village_plains took 746 ms
[20:53:10] [Server thread/INFO]: [BloodyAX: Teleported BloodyAX to 1200.500000, 102.106754, 816.500000]
[20:53:14] [Server thread/WARN]: Can't keep up! Is the server overloaded? Running 3309ms or 66 ticks behind
[20:53:41] [Worker-Main-1/WARN]: Ignoring unknown attribute 'forge:entity_gravity'
[20:53:41] [Worker-Main-1/WARN]: Ignoring unknown attribute 'forge:entity_gravity'
[20:53:41] [Worker-Main-1/WARN]: Ignoring unknown attribute 'forge:entity_gravity'
[20:53:43] [Worker-Main-3/WARN]: Ignoring unknown attribute 'forge:entity_gravity'
[20:53:43] [Worker-Main-3/WARN]: Ignoring unknown attribute 'forge:entity_gravity'
[20:53:43] [Worker-Main-3/WARN]: Ignoring unknown attribute 'forge:entity_gravity'
[20:53:43] [Worker-Main-3/WARN]: Ignoring unknown attribute 'forge:entity_gravity'
[20:53:43] [Worker-Main-3/WARN]: Ignoring unknown attribute 'forge:entity_gravity'
[20:54:53] [Server thread/INFO]: Locating element dungeons_arise:abandoned_temple took 1560 ms
[20:55:16] [Server thread/INFO]: [BloodyAX: Teleported BloodyAX to 3472.500000, 70.233112, -543.500000]
[20:55:18] [Worker-Main-3/WARN]: Ignoring unknown attribute 'forge:entity_gravity'
[20:55:18] [Worker-Main-3/WARN]: Ignoring unknown attribute 'forge:entity_gravity'
[20:55:18] [Worker-Main-3/WARN]: Ignoring unknown attribute 'forge:entity_gravity'
[20:55:18] [Worker-Main-3/WARN]: Ignoring unknown attribute 'forge:entity_gravity'
[20:55:18] [Worker-Main-3/WARN]: Ignoring unknown attribute 'forge:entity_gravity'
[20:55:18] [Worker-Main-3/WARN]: Ignoring unknown attribute 'forge:entity_gravity'
[20:55:18] [Worker-Main-3/WARN]: Ignoring unknown attribute 'forge:entity_gravity'
[20:55:18] [Worker-Main-3/WARN]: Ignoring unknown attribute 'forge:entity_gravity'
[20:55:18] [Worker-Main-3/WARN]: Ignoring unknown attribute 'forge:entity_gravity'
[20:55:18] [Worker-Main-3/WARN]: Ignoring unknown attribute 'forge:entity_gravity'
[20:55:18] [Worker-Main-3/WARN]: Ignoring unknown attribute 'forge:entity_gravity'
[20:55:18] [Worker-Main-3/WARN]: Ignoring unknown attribute 'forge:entity_gravity'
[20:55:18] [Worker-Main-3/WARN]: Ignoring unknown attribute 'forge:entity_gravity'
[20:55:19] [Worker-Main-1/WARN]: Ignoring unknown attribute 'forge:entity_gravity'
[20:55:19] [Worker-Main-2/WARN]: Ignoring unknown attribute 'forge:entity_gravity'
[20:55:19] [Worker-Main-3/WARN]: Ignoring unknown attribute 'forge:entity_gravity'
[20:55:19] [Worker-Main-2/WARN]: Ignoring unknown attribute 'forge:entity_gravity'
[20:55:19] [Server thread/WARN]: Can't keep up! Is the server overloaded? Running 2453ms or 49 ticks behind
[20:55:20] [Worker-Main-1/WARN]: Ignoring unknown attribute 'forge:entity_gravity'
[20:55:20] [Worker-Main-3/WARN]: Ignoring unknown attribute 'forge:entity_gravity'
[20:55:20] [Worker-Main-3/WARN]: Ignoring unknown attribute 'forge:entity_gravity'
[20:55:21] [Worker-Main-2/WARN]: Ignoring unknown attribute 'forge:entity_gravity'
[20:55:21] [Worker-Main-3/WARN]: Ignoring unknown attribute 'forge:entity_gravity'
[20:55:22] [Worker-Main-1/WARN]: Ignoring unknown attribute 'forge:entity_gravity'
[20:55:22] [Worker-Main-3/WARN]: Ignoring unknown attribute 'forge:entity_gravity'
[20:55:22] [Worker-Main-1/WARN]: Ignoring unknown attribute 'forge:entity_gravity'
[20:55:22] [Worker-Main-2/WARN]: Ignoring unknown attribute 'forge:entity_gravity'
[20:55:23] [Worker-Main-1/WARN]: Ignoring unknown attribute 'forge:entity_gravity'
[20:55:23] [Worker-Main-1/WARN]: Ignoring unknown attribute 'forge:entity_gravity'
[20:55:23] [Worker-Main-2/WARN]: Ignoring unknown attribute 'forge:entity_gravity'
[20:55:23] [Worker-Main-2/WARN]: Ignoring unknown attribute 'forge:entity_gravity'
[20:55:27] [Worker-Main-1/WARN]: Ignoring unknown attribute 'forge:entity_gravity'
[20:56:18] [Server thread/INFO]: BloodyAX lost connection: Disconnected
[20:56:18] [Server thread/INFO]: BloodyAX left the game
